This file contains any messages produced by compilers while
running configure, to aid debugging if configure makes a mistake.

It was created by FastQuery configure 0.8.2.5, which was
generated by GNU Autoconf 2.63.  Invocation command line was

  $ ./configure CC=cc CXX=CC CFLAGS=O3 --disable-shared --disable-debug --with-fastbit=/project/projectdirs/m1248/hopper/gnu/fastbit --with-hdf5=/project/projectdirs/vacet/hdf5/bin/hdf5-1.8.8-para-thread --disable-parallel --no-create --no-recursion

## --------- ##
## Platform. ##
## --------- ##

hostname = hopper03
uname -m = x86_64
uname -r = 2.6.32.36-0.5-default
uname -s = Linux
uname -v = #1 SMP 2011-04-14 10:12:31 +0200

/usr/bin/uname -p = unknown
/bin/uname -X     = unknown

/bin/arch              = x86_64
/usr/bin/arch -k       = unknown
/usr/convex/getsysinfo = unknown
/usr/bin/hostinfo      = unknown
/bin/machine           = unknown
/usr/bin/oslevel       = unknown
/bin/universe          = unknown

PATH: /usr/common/usg/darshan/2.2.5-pre3-cle4/bin
PATH: /usr/common/usg/darshan/2.2.5-pre3-cle4/../xt-asyncpe/5.16/bin
PATH: /opt/cray/hdf5-parallel/1.8.8/bin
PATH: /opt/cray/hdf5/1.8.8/bin
PATH: /opt/cray/atp/1.6.0/bin
PATH: /opt/cray/switch/1.0-1.0401.36779.2.72.gem/bin
PATH: /opt/cray/shared-root/1.0-1.0401.37253.3.50.gem/bin
PATH: /opt/cray/pdsh/2.26-1.0401.37449.1.1.gem/bin
PATH: /opt/cray/nodehealth/5.0-1.0401.38460.12.18.gem/bin
PATH: /opt/cray/lbcd/2.1-1.0401.35360.1.2.gem/bin
PATH: /opt/cray/hosts/1.0-1.0401.35364.1.115.gem/bin
PATH: /opt/cray/configuration/1.0-1.0401.35391.1.2.gem/bin
PATH: /opt/cray/ccm/2.2.0-1.0401.37254.2.142/sbin
PATH: /opt/cray/ccm/2.2.0-1.0401.37254.2.142/bin
PATH: /opt/cray/audit/1.0.0-1.0401.37969.2.32.gem/bin
PATH: /opt/cray/rca/1.0.0-2.0401.38656.2.2.gem/bin
PATH: /opt/cray/dvs/1.8.6_0.9.0-1.0401.1401.1.120/sbin
PATH: /opt/cray/dvs/1.8.6_0.9.0-1.0401.1401.1.120/bin
PATH: /opt/cray/csa/3.0.0-1_2.0401.37452.4.50.gem/sbin
PATH: /opt/cray/csa/3.0.0-1_2.0401.37452.4.50.gem/bin
PATH: /opt/cray/job/1.5.5-0.1_2.0401.35380.1.10.gem/bin
PATH: /opt/cray/xpmem/0.1-2.0401.36790.4.3.gem/bin
PATH: /opt/cray/dmapp/3.2.1-1.0401.5983.4.5.gem/bin
PATH: /opt/cray/pmi/4.0.0-1.0000.9282.69.4.gem/bin
PATH: /opt/cray/ugni/4.0-1.0401.5928.9.5.gem/bin
PATH: /opt/cray/udreg/2.3.2-1.0401.5929.3.3.gem/bin
PATH: /opt/gcc/4.7.2/bin
PATH: /opt/cray/xt-asyncpe/5.16/bin
PATH: /usr/common/usg/altd/1.0/bin
PATH: /usr/common/usg/bin
PATH: /usr/common/mss/bin
PATH: /usr/common/nsg/bin
PATH: /opt/moab/6.1.8/bin
PATH: /opt/torque/2.5.9/sbin
PATH: /opt/torque/2.5.9/bin
PATH: /opt/cray/eslogin/eswrap/1.0.10/bin
PATH: /opt/modules/3.2.6.6/bin
PATH: /usr/lpp/mmfs/bin
PATH: /usr/bin
PATH: /bin
PATH: /usr/sbin
PATH: /sbin
PATH: /usr/local/bin
PATH: /usr/bin/X11
PATH: /usr/X11R6/bin
PATH: /usr/games
PATH: /usr/lib/mit/bin
PATH: /usr/lib/mit/sbin
PATH: /opt/pathscale/bin
PATH: /opt/cray/bin


## ----------- ##
## Core tests. ##
## ----------- ##

configure:2162: checking for a BSD-compatible install
configure:2230: result: /usr/bin/install -c
configure:2241: checking whether build environment is sane
configure:2284: result: yes
configure:2309: checking for a thread-safe mkdir -p
configure:2348: result: /bin/mkdir -p
configure:2361: checking for gawk
configure:2377: found /usr/bin/gawk
configure:2388: result: gawk
configure:2399: checking whether make sets $(MAKE)
configure:2421: result: yes
configure:2710: checking for C++ compiler version
configure:2718: CC --version >&5
/usr/common/usg/darshan/2.2.5-pre3-cle4/../xt-asyncpe/5.16/bin/CC: INFO: Compiling with CRAYPE_COMPILE_TARGET=native.
g++ (GCC) 4.7.2 20120920 (Cray Inc.)
Copyright (C) 2012 Free Software Foundation, Inc.
This is free software; see the source for copying conditions.  There is NO
warranty; not even for MERCHANTABILITY or FITNESS FOR A PARTICULAR PURPOSE.

configure:2722: $? = 0
configure:2729: CC -v >&5
/usr/common/usg/darshan/2.2.5-pre3-cle4/../xt-asyncpe/5.16/bin/CC: INFO: Compiling with CRAYPE_COMPILE_TARGET=native.
Using built-in specs.
COLLECT_GCC=/opt/gcc/4.7.2/bin/../snos/bin/g++
COLLECT_LTO_WRAPPER=/opt/gcc/4.7.2/snos/libexec/gcc/x86_64-suse-linux/4.7.2/lto-wrapper
Target: x86_64-suse-linux
Configured with: ../xt-gcc-4.7.2/configure --prefix=/opt/gcc/4.7.2/snos --disable-nls --libdir=/opt/gcc/4.7.2/snos/lib --enable-languages=c,c++,fortran --with-gxx-include-dir=/opt/gcc/4.7.2/snos/include/g++ --with-slibdir=/opt/gcc/4.7.2/snos/lib --with-system-zlib --enable-shared --enable-__cxa_atexit x86_64-suse-linux --with-mpc=/opt/gcc/mpc/0.8.1 --with-mpfr=/opt/gcc/mpfr/2.4.2 --with-gmp=/opt/gcc/gmp/4.3.2 --with-sysroot=
Thread model: posix
gcc version 4.7.2 20120920 (Cray Inc.) (GCC) 
configure:2733: $? = 0
configure:2740: CC -V >&5
/usr/common/usg/darshan/2.2.5-pre3-cle4/../xt-asyncpe/5.16/bin/CC: INFO: Compiling with CRAYPE_COMPILE_TARGET=native.
g++: error: unrecognized command line option '-V'
g++: fatal error: no input files
compilation terminated.
configure:2744: $? = 1
configure:2767: checking for C++ compiler default output file name
configure:2789: CC    conftest.cpp  >&5
configure:2793: $? = 0
configure:2831: result: a.out
configure:2850: checking whether the C++ compiler works
configure:2860: ./a.out
configure:2864: $? = 0
configure:2883: result: yes
configure:2890: checking whether we are cross compiling
configure:2892: result: no
configure:2895: checking for suffix of executables
configure:2902: CC -o conftest    conftest.cpp  >&5
configure:2906: $? = 0
configure:2932: result: 
configure:2938: checking for suffix of object files
configure:2964: CC -c   conftest.cpp >&5
configure:2968: $? = 0
configure:2993: result: o
configure:2997: checking whether we are using the GNU C++ compiler
configure:3026: CC -c   conftest.cpp >&5
configure:3033: $? = 0
configure:3050: result: yes
configure:3059: checking whether CC accepts -g
configure:3089: CC -c -g  conftest.cpp >&5
configure:3096: $? = 0
configure:3197: result: yes
configure:3231: checking for style of include used by make
configure:3259: result: GNU
configure:3284: checking dependency style of CC
configure:3375: result: gcc3
configure:3438: checking for gcc
configure:3465: result: cc
configure:3697: checking for C compiler version
configure:3705: cc --version >&5
/usr/common/usg/darshan/2.2.5-pre3-cle4/../xt-asyncpe/5.16/bin/cc: INFO: Compiling with CRAYPE_COMPILE_TARGET=native.
gcc (GCC) 4.7.2 20120920 (Cray Inc.)
Copyright (C) 2012 Free Software Foundation, Inc.
This is free software; see the source for copying conditions.  There is NO
warranty; not even for MERCHANTABILITY or FITNESS FOR A PARTICULAR PURPOSE.

configure:3709: $? = 0
configure:3716: cc -v >&5
/usr/common/usg/darshan/2.2.5-pre3-cle4/../xt-asyncpe/5.16/bin/cc: INFO: Compiling with CRAYPE_COMPILE_TARGET=native.
Using built-in specs.
COLLECT_GCC=/opt/gcc/4.7.2/bin/../snos/bin/gcc
COLLECT_LTO_WRAPPER=/opt/gcc/4.7.2/snos/libexec/gcc/x86_64-suse-linux/4.7.2/lto-wrapper
Target: x86_64-suse-linux
Configured with: ../xt-gcc-4.7.2/configure --prefix=/opt/gcc/4.7.2/snos --disable-nls --libdir=/opt/gcc/4.7.2/snos/lib --enable-languages=c,c++,fortran --with-gxx-include-dir=/opt/gcc/4.7.2/snos/include/g++ --with-slibdir=/opt/gcc/4.7.2/snos/lib --with-system-zlib --enable-shared --enable-__cxa_atexit x86_64-suse-linux --with-mpc=/opt/gcc/mpc/0.8.1 --with-mpfr=/opt/gcc/mpfr/2.4.2 --with-gmp=/opt/gcc/gmp/4.3.2 --with-sysroot=
Thread model: posix
gcc version 4.7.2 20120920 (Cray Inc.) (GCC) 
configure:3720: $? = 0
configure:3727: cc -V >&5
/usr/common/usg/darshan/2.2.5-pre3-cle4/../xt-asyncpe/5.16/bin/cc: INFO: Compiling with CRAYPE_COMPILE_TARGET=native.
gcc: error: unrecognized command line option '-V'
gcc: fatal error: no input files
compilation terminated.
configure:3731: $? = 1
configure:3734: checking whether we are using the GNU C compiler
configure:3763: cc -c O3  conftest.c >&5
gcc: error: O3: No such file or directory
configure:3770: $? = 1
configure: failed program was:
| /* confdefs.h.  */
| #define PACKAGE_NAME "FastQuery"
| #define PACKAGE_TARNAME "fastquery"
| #define PACKAGE_VERSION "0.8.2.5"
| #define PACKAGE_STRING "FastQuery 0.8.2.5"
| #define PACKAGE_BUGREPORT "fastbit-users@hpcrdm.lbl.gov"
| #define PACKAGE_URL "http://sdm.lbl.gov/fastbit/"
| /* end confdefs.h.  */
| 
| int
| main ()
| {
| #ifndef __GNUC__
|        choke me
| #endif
| 
|   ;
|   return 0;
| }
configure:3787: result: no
configure:3796: checking whether cc accepts -g
configure:3826: cc -c -g  conftest.c >&5
configure:3833: $? = 0
configure:3934: result: yes
configure:3951: checking for cc option to accept ISO C89
configure:4025: cc  -c O3  conftest.c >&5
gcc: error: O3: No such file or directory
configure:4032: $? = 1
configure: failed program was:
| /* confdefs.h.  */
| #define PACKAGE_NAME "FastQuery"
| #define PACKAGE_TARNAME "fastquery"
| #define PACKAGE_VERSION "0.8.2.5"
| #define PACKAGE_STRING "FastQuery 0.8.2.5"
| #define PACKAGE_BUGREPORT "fastbit-users@hpcrdm.lbl.gov"
| #define PACKAGE_URL "http://sdm.lbl.gov/fastbit/"
| /* end confdefs.h.  */
| #include <stdarg.h>
| #include <stdio.h>
| #include <sys/types.h>
| #include <sys/stat.h>
| /* Most of the following tests are stolen from RCS 5.7's src/conf.sh.  */
| struct buf { int x; };
| FILE * (*rcsopen) (struct buf *, struct stat *, int);
| static char *e (p, i)
|      char **p;
|      int i;
| {
|   return p[i];
| }
| static char *f (char * (*g) (char **, int), char **p, ...)
| {
|   char *s;
|   va_list v;
|   va_start (v,p);
|   s = g (p, va_arg (v,int));
|   va_end (v);
|   return s;
| }
| 
| /* OSF 4.0 Compaq cc is some sort of almost-ANSI by default.  It has
|    function prototypes and stuff, but not '\xHH' hex character constants.
|    These don't provoke an error unfortunately, instead are silently treated
|    as 'x'.  The following induces an error, until -std is added to get
|    proper ANSI mode.  Curiously '\x00'!='x' always comes out true, for an
|    array size at least.  It's necessary to write '\x00'==0 to get something
|    that's true only with -std.  */
| int osf4_cc_array ['\x00' == 0 ? 1 : -1];
| 
| /* IBM C 6 for AIX is almost-ANSI by default, but it replaces macro parameters
|    inside strings and character constants.  */
| #define FOO(x) 'x'
| int xlc6_cc_array[FOO(a) == 'x' ? 1 : -1];
| 
| int test (int i, double x);
| struct s1 {int (*f) (int a);};
| struct s2 {int (*f) (double a);};
| int pairnames (int, char **, FILE *(*)(struct buf *, struct stat *, int), int, int);
| int argc;
| char **argv;
| int
| main ()
| {
| return f (e, argv, 0) != argv[0]  ||  f (e, argv, 1) != argv[1];
|   ;
|   return 0;
| }
configure:4025: cc -qlanglvl=extc89 -c O3  conftest.c >&5
gcc: error: unrecognized command line option '-qlanglvl=extc89'
gcc: error: O3: No such file or directory
configure:4032: $? = 1
configure: failed program was:
| /* confdefs.h.  */
| #define PACKAGE_NAME "FastQuery"
| #define PACKAGE_TARNAME "fastquery"
| #define PACKAGE_VERSION "0.8.2.5"
| #define PACKAGE_STRING "FastQuery 0.8.2.5"
| #define PACKAGE_BUGREPORT "fastbit-users@hpcrdm.lbl.gov"
| #define PACKAGE_URL "http://sdm.lbl.gov/fastbit/"
| /* end confdefs.h.  */
| #include <stdarg.h>
| #include <stdio.h>
| #include <sys/types.h>
| #include <sys/stat.h>
| /* Most of the following tests are stolen from RCS 5.7's src/conf.sh.  */
| struct buf { int x; };
| FILE * (*rcsopen) (struct buf *, struct stat *, int);
| static char *e (p, i)
|      char **p;
|      int i;
| {
|   return p[i];
| }
| static char *f (char * (*g) (char **, int), char **p, ...)
| {
|   char *s;
|   va_list v;
|   va_start (v,p);
|   s = g (p, va_arg (v,int));
|   va_end (v);
|   return s;
| }
| 
| /* OSF 4.0 Compaq cc is some sort of almost-ANSI by default.  It has
|    function prototypes and stuff, but not '\xHH' hex character constants.
|    These don't provoke an error unfortunately, instead are silently treated
|    as 'x'.  The following induces an error, until -std is added to get
|    proper ANSI mode.  Curiously '\x00'!='x' always comes out true, for an
|    array size at least.  It's necessary to write '\x00'==0 to get something
|    that's true only with -std.  */
| int osf4_cc_array ['\x00' == 0 ? 1 : -1];
| 
| /* IBM C 6 for AIX is almost-ANSI by default, but it replaces macro parameters
|    inside strings and character constants.  */
| #define FOO(x) 'x'
| int xlc6_cc_array[FOO(a) == 'x' ? 1 : -1];
| 
| int test (int i, double x);
| struct s1 {int (*f) (int a);};
| struct s2 {int (*f) (double a);};
| int pairnames (int, char **, FILE *(*)(struct buf *, struct stat *, int), int, int);
| int argc;
| char **argv;
| int
| main ()
| {
| return f (e, argv, 0) != argv[0]  ||  f (e, argv, 1) != argv[1];
|   ;
|   return 0;
| }
configure:4025: cc -qlanglvl=ansi -c O3  conftest.c >&5
gcc: error: unrecognized command line option '-qlanglvl=ansi'
gcc: error: O3: No such file or directory
configure:4032: $? = 1
configure: failed program was:
| /* confdefs.h.  */
| #define PACKAGE_NAME "FastQuery"
| #define PACKAGE_TARNAME "fastquery"
| #define PACKAGE_VERSION "0.8.2.5"
| #define PACKAGE_STRING "FastQuery 0.8.2.5"
| #define PACKAGE_BUGREPORT "fastbit-users@hpcrdm.lbl.gov"
| #define PACKAGE_URL "http://sdm.lbl.gov/fastbit/"
| /* end confdefs.h.  */
| #include <stdarg.h>
| #include <stdio.h>
| #include <sys/types.h>
| #include <sys/stat.h>
| /* Most of the following tests are stolen from RCS 5.7's src/conf.sh.  */
| struct buf { int x; };
| FILE * (*rcsopen) (struct buf *, struct stat *, int);
| static char *e (p, i)
|      char **p;
|      int i;
| {
|   return p[i];
| }
| static char *f (char * (*g) (char **, int), char **p, ...)
| {
|   char *s;
|   va_list v;
|   va_start (v,p);
|   s = g (p, va_arg (v,int));
|   va_end (v);
|   return s;
| }
| 
| /* OSF 4.0 Compaq cc is some sort of almost-ANSI by default.  It has
|    function prototypes and stuff, but not '\xHH' hex character constants.
|    These don't provoke an error unfortunately, instead are silently treated
|    as 'x'.  The following induces an error, until -std is added to get
|    proper ANSI mode.  Curiously '\x00'!='x' always comes out true, for an
|    array size at least.  It's necessary to write '\x00'==0 to get something
|    that's true only with -std.  */
| int osf4_cc_array ['\x00' == 0 ? 1 : -1];
| 
| /* IBM C 6 for AIX is almost-ANSI by default, but it replaces macro parameters
|    inside strings and character constants.  */
| #define FOO(x) 'x'
| int xlc6_cc_array[FOO(a) == 'x' ? 1 : -1];
| 
| int test (int i, double x);
| struct s1 {int (*f) (int a);};
| struct s2 {int (*f) (double a);};
| int pairnames (int, char **, FILE *(*)(struct buf *, struct stat *, int), int, int);
| int argc;
| char **argv;
| int
| main ()
| {
| return f (e, argv, 0) != argv[0]  ||  f (e, argv, 1) != argv[1];
|   ;
|   return 0;
| }
configure:4025: cc -std -c O3  conftest.c >&5
gcc: error: unrecognized command line option '-std'
gcc: error: O3: No such file or directory
configure:4032: $? = 1
configure: failed program was:
| /* confdefs.h.  */
| #define PACKAGE_NAME "FastQuery"
| #define PACKAGE_TARNAME "fastquery"
| #define PACKAGE_VERSION "0.8.2.5"
| #define PACKAGE_STRING "FastQuery 0.8.2.5"
| #define PACKAGE_BUGREPORT "fastbit-users@hpcrdm.lbl.gov"
| #define PACKAGE_URL "http://sdm.lbl.gov/fastbit/"
| /* end confdefs.h.  */
| #include <stdarg.h>
| #include <stdio.h>
| #include <sys/types.h>
| #include <sys/stat.h>
| /* Most of the following tests are stolen from RCS 5.7's src/conf.sh.  */
| struct buf { int x; };
| FILE * (*rcsopen) (struct buf *, struct stat *, int);
| static char *e (p, i)
|      char **p;
|      int i;
| {
|   return p[i];
| }
| static char *f (char * (*g) (char **, int), char **p, ...)
| {
|   char *s;
|   va_list v;
|   va_start (v,p);
|   s = g (p, va_arg (v,int));
|   va_end (v);
|   return s;
| }
| 
| /* OSF 4.0 Compaq cc is some sort of almost-ANSI by default.  It has
|    function prototypes and stuff, but not '\xHH' hex character constants.
|    These don't provoke an error unfortunately, instead are silently treated
|    as 'x'.  The following induces an error, until -std is added to get
|    proper ANSI mode.  Curiously '\x00'!='x' always comes out true, for an
|    array size at least.  It's necessary to write '\x00'==0 to get something
|    that's true only with -std.  */
| int osf4_cc_array ['\x00' == 0 ? 1 : -1];
| 
| /* IBM C 6 for AIX is almost-ANSI by default, but it replaces macro parameters
|    inside strings and character constants.  */
| #define FOO(x) 'x'
| int xlc6_cc_array[FOO(a) == 'x' ? 1 : -1];
| 
| int test (int i, double x);
| struct s1 {int (*f) (int a);};
| struct s2 {int (*f) (double a);};
| int pairnames (int, char **, FILE *(*)(struct buf *, struct stat *, int), int, int);
| int argc;
| char **argv;
| int
| main ()
| {
| return f (e, argv, 0) != argv[0]  ||  f (e, argv, 1) != argv[1];
|   ;
|   return 0;
| }
configure:4025: cc -Ae -c O3  conftest.c >&5
gcc: error: O3: No such file or directory
configure:4032: $? = 1
configure: failed program was:
| /* confdefs.h.  */
| #define PACKAGE_NAME "FastQuery"
| #define PACKAGE_TARNAME "fastquery"
| #define PACKAGE_VERSION "0.8.2.5"
| #define PACKAGE_STRING "FastQuery 0.8.2.5"
| #define PACKAGE_BUGREPORT "fastbit-users@hpcrdm.lbl.gov"
| #define PACKAGE_URL "http://sdm.lbl.gov/fastbit/"
| /* end confdefs.h.  */
| #include <stdarg.h>
| #include <stdio.h>
| #include <sys/types.h>
| #include <sys/stat.h>
| /* Most of the following tests are stolen from RCS 5.7's src/conf.sh.  */
| struct buf { int x; };
| FILE * (*rcsopen) (struct buf *, struct stat *, int);
| static char *e (p, i)
|      char **p;
|      int i;
| {
|   return p[i];
| }
| static char *f (char * (*g) (char **, int), char **p, ...)
| {
|   char *s;
|   va_list v;
|   va_start (v,p);
|   s = g (p, va_arg (v,int));
|   va_end (v);
|   return s;
| }
| 
| /* OSF 4.0 Compaq cc is some sort of almost-ANSI by default.  It has
|    function prototypes and stuff, but not '\xHH' hex character constants.
|    These don't provoke an error unfortunately, instead are silently treated
|    as 'x'.  The following induces an error, until -std is added to get
|    proper ANSI mode.  Curiously '\x00'!='x' always comes out true, for an
|    array size at least.  It's necessary to write '\x00'==0 to get something
|    that's true only with -std.  */
| int osf4_cc_array ['\x00' == 0 ? 1 : -1];
| 
| /* IBM C 6 for AIX is almost-ANSI by default, but it replaces macro parameters
|    inside strings and character constants.  */
| #define FOO(x) 'x'
| int xlc6_cc_array[FOO(a) == 'x' ? 1 : -1];
| 
| int test (int i, double x);
| struct s1 {int (*f) (int a);};
| struct s2 {int (*f) (double a);};
| int pairnames (int, char **, FILE *(*)(struct buf *, struct stat *, int), int, int);
| int argc;
| char **argv;
| int
| main ()
| {
| return f (e, argv, 0) != argv[0]  ||  f (e, argv, 1) != argv[1];
|   ;
|   return 0;
| }
configure:4025: cc -Aa -D_HPUX_SOURCE -c O3  conftest.c >&5
gcc: error: O3: No such file or directory
configure:4032: $? = 1
configure: failed program was:
| /* confdefs.h.  */
| #define PACKAGE_NAME "FastQuery"
| #define PACKAGE_TARNAME "fastquery"
| #define PACKAGE_VERSION "0.8.2.5"
| #define PACKAGE_STRING "FastQuery 0.8.2.5"
| #define PACKAGE_BUGREPORT "fastbit-users@hpcrdm.lbl.gov"
| #define PACKAGE_URL "http://sdm.lbl.gov/fastbit/"
| /* end confdefs.h.  */
| #include <stdarg.h>
| #include <stdio.h>
| #include <sys/types.h>
| #include <sys/stat.h>
| /* Most of the following tests are stolen from RCS 5.7's src/conf.sh.  */
| struct buf { int x; };
| FILE * (*rcsopen) (struct buf *, struct stat *, int);
| static char *e (p, i)
|      char **p;
|      int i;
| {
|   return p[i];
| }
| static char *f (char * (*g) (char **, int), char **p, ...)
| {
|   char *s;
|   va_list v;
|   va_start (v,p);
|   s = g (p, va_arg (v,int));
|   va_end (v);
|   return s;
| }
| 
| /* OSF 4.0 Compaq cc is some sort of almost-ANSI by default.  It has
|    function prototypes and stuff, but not '\xHH' hex character constants.
|    These don't provoke an error unfortunately, instead are silently treated
|    as 'x'.  The following induces an error, until -std is added to get
|    proper ANSI mode.  Curiously '\x00'!='x' always comes out true, for an
|    array size at least.  It's necessary to write '\x00'==0 to get something
|    that's true only with -std.  */
| int osf4_cc_array ['\x00' == 0 ? 1 : -1];
| 
| /* IBM C 6 for AIX is almost-ANSI by default, but it replaces macro parameters
|    inside strings and character constants.  */
| #define FOO(x) 'x'
| int xlc6_cc_array[FOO(a) == 'x' ? 1 : -1];
| 
| int test (int i, double x);
| struct s1 {int (*f) (int a);};
| struct s2 {int (*f) (double a);};
| int pairnames (int, char **, FILE *(*)(struct buf *, struct stat *, int), int, int);
| int argc;
| char **argv;
| int
| main ()
| {
| return f (e, argv, 0) != argv[0]  ||  f (e, argv, 1) != argv[1];
|   ;
|   return 0;
| }
configure:4025: cc -Xc -D__EXTENSIONS__ -c O3  conftest.c >&5
gcc: error: unrecognized command line option '-Xc'
gcc: error: O3: No such file or directory
configure:4032: $? = 1
configure: failed program was:
| /* confdefs.h.  */
| #define PACKAGE_NAME "FastQuery"
| #define PACKAGE_TARNAME "fastquery"
| #define PACKAGE_VERSION "0.8.2.5"
| #define PACKAGE_STRING "FastQuery 0.8.2.5"
| #define PACKAGE_BUGREPORT "fastbit-users@hpcrdm.lbl.gov"
| #define PACKAGE_URL "http://sdm.lbl.gov/fastbit/"
| /* end confdefs.h.  */
| #include <stdarg.h>
| #include <stdio.h>
| #include <sys/types.h>
| #include <sys/stat.h>
| /* Most of the following tests are stolen from RCS 5.7's src/conf.sh.  */
| struct buf { int x; };
| FILE * (*rcsopen) (struct buf *, struct stat *, int);
| static char *e (p, i)
|      char **p;
|      int i;
| {
|   return p[i];
| }
| static char *f (char * (*g) (char **, int), char **p, ...)
| {
|   char *s;
|   va_list v;
|   va_start (v,p);
|   s = g (p, va_arg (v,int));
|   va_end (v);
|   return s;
| }
| 
| /* OSF 4.0 Compaq cc is some sort of almost-ANSI by default.  It has
|    function prototypes and stuff, but not '\xHH' hex character constants.
|    These don't provoke an error unfortunately, instead are silently treated
|    as 'x'.  The following induces an error, until -std is added to get
|    proper ANSI mode.  Curiously '\x00'!='x' always comes out true, for an
|    array size at least.  It's necessary to write '\x00'==0 to get something
|    that's true only with -std.  */
| int osf4_cc_array ['\x00' == 0 ? 1 : -1];
| 
| /* IBM C 6 for AIX is almost-ANSI by default, but it replaces macro parameters
|    inside strings and character constants.  */
| #define FOO(x) 'x'
| int xlc6_cc_array[FOO(a) == 'x' ? 1 : -1];
| 
| int test (int i, double x);
| struct s1 {int (*f) (int a);};
| struct s2 {int (*f) (double a);};
| int pairnames (int, char **, FILE *(*)(struct buf *, struct stat *, int), int, int);
| int argc;
| char **argv;
| int
| main ()
| {
| return f (e, argv, 0) != argv[0]  ||  f (e, argv, 1) != argv[1];
|   ;
|   return 0;
| }
configure:4058: result: unsupported
configure:4075: checking dependency style of cc
configure:4166: result: gcc3
configure:4220: checking build system type
configure:4238: result: x86_64-suse-linux-gnu
configure:4260: checking host system type
configure:4275: result: x86_64-suse-linux-gnu
configure:4297: checking for a sed that does not truncate output
configure:4363: result: /usr/bin/sed
configure:4381: checking for grep that handles long lines and -e
configure:4441: result: /usr/bin/grep
configure:4446: checking for egrep
configure:4510: result: /usr/bin/grep -E
configure:4515: checking for fgrep
configure:4579: result: /usr/bin/grep -F
configure:4647: checking for non-GNU ld
configure:4681: result: /usr/bin/X11/ld
configure:4690: checking if the linker (/usr/bin/X11/ld) is GNU ld
configure:4705: result: yes
configure:4717: checking for BSD- or MS-compatible name lister (nm)
configure:4766: result: /usr/bin/nm -B
configure:4884: checking the name lister (/usr/bin/nm -B) interface
configure:4891: CC -c -g -O2  conftest.cpp >&5
configure:4894: /usr/bin/nm -B "conftest.o"
configure:4897: output
0000000000000000 B some_variable
configure:4904: result: BSD nm
configure:4907: checking whether ln -s works
configure:4911: result: yes
configure:4919: checking the maximum length of command line arguments
configure:5039: result: 1572864
configure:5056: checking whether the shell understands some XSI constructs
configure:5066: result: yes
configure:5070: checking whether the shell understands "+="
configure:5076: result: yes
configure:5111: checking for /usr/bin/X11/ld option to reload object files
configure:5118: result: -r
configure:5187: checking for objdump
configure:5203: found /usr/bin/objdump
configure:5214: result: objdump
configure:5246: checking how to recognize dependent libraries
configure:5442: result: pass_all
configure:5502: checking for ar
configure:5518: found /usr/bin/ar
configure:5529: result: ar
configure:5607: checking for strip
configure:5623: found /usr/bin/strip
configure:5634: result: strip
configure:5706: checking for ranlib
configure:5722: found /usr/bin/ranlib
configure:5733: result: ranlib
configure:5823: checking command to parse /usr/bin/nm -B output from cc object
configure:5941: CC -c -g -O2  conftest.cpp >&5
configure:5944: $? = 0
configure:5948: /usr/bin/nm -B conftest.o \| sed -n -e 's/^.*[	 ]\([ABCDGIRSTW][ABCDGIRSTW]*\)[	 ][	 ]*\([_A-Za-z][_A-Za-z0-9]*\)$/\1 \2 \2/p' \> conftest.nm
configure:5951: $? = 0
configure:6005: CC -o conftest -g -O2   conftest.cpp conftstm.o >&5
configure:6008: $? = 0
configure:6046: result: ok
configure:6142: CC -c -g -O2  conftest.cpp >&5
configure:6145: $? = 0
configure:6913: checking how to run the C preprocessor
configure:6953: cc -E  conftest.c
configure:6960: $? = 0
configure:6991: cc -E  conftest.c
conftest.c:9:28: fatal error: ac_nonexistent.h: No such file or directory
compilation terminated.
configure:6998: $? = 1
configure: failed program was:
| /* confdefs.h.  */
| #define PACKAGE_NAME "FastQuery"
| #define PACKAGE_TARNAME "fastquery"
| #define PACKAGE_VERSION "0.8.2.5"
| #define PACKAGE_STRING "FastQuery 0.8.2.5"
| #define PACKAGE_BUGREPORT "fastbit-users@hpcrdm.lbl.gov"
| #define PACKAGE_URL "http://sdm.lbl.gov/fastbit/"
| /* end confdefs.h.  */
| #include <ac_nonexistent.h>
configure:7031: result: cc -E
configure:7060: cc -E  conftest.c
configure:7067: $? = 0
configure:7098: cc -E  conftest.c
conftest.c:9:28: fatal error: ac_nonexistent.h: No such file or directory
compilation terminated.
configure:7105: $? = 1
configure: failed program was:
| /* confdefs.h.  */
| #define PACKAGE_NAME "FastQuery"
| #define PACKAGE_TARNAME "fastquery"
| #define PACKAGE_VERSION "0.8.2.5"
| #define PACKAGE_STRING "FastQuery 0.8.2.5"
| #define PACKAGE_BUGREPORT "fastbit-users@hpcrdm.lbl.gov"
| #define PACKAGE_URL "http://sdm.lbl.gov/fastbit/"
| /* end confdefs.h.  */
| #include <ac_nonexistent.h>
configure:7145: checking for ANSI C header files
configure:7175: cc -c O3  conftest.c >&5
gcc: error: O3: No such file or directory
configure:7182: $? = 1
configure: failed program was:
| /* confdefs.h.  */
| #define PACKAGE_NAME "FastQuery"
| #define PACKAGE_TARNAME "fastquery"
| #define PACKAGE_VERSION "0.8.2.5"
| #define PACKAGE_STRING "FastQuery 0.8.2.5"
| #define PACKAGE_BUGREPORT "fastbit-users@hpcrdm.lbl.gov"
| #define PACKAGE_URL "http://sdm.lbl.gov/fastbit/"
| /* end confdefs.h.  */
| #include <stdlib.h>
| #include <stdarg.h>
| #include <string.h>
| #include <float.h>
| 
| int
| main ()
| {
| 
|   ;
|   return 0;
| }
configure:7313: result: no
configure:7337: checking for sys/types.h
configure:7358: cc -c O3  conftest.c >&5
gcc: error: O3: No such file or directory
configure:7365: $? = 1
configure: failed program was:
| /* confdefs.h.  */
| #define PACKAGE_NAME "FastQuery"
| #define PACKAGE_TARNAME "fastquery"
| #define PACKAGE_VERSION "0.8.2.5"
| #define PACKAGE_STRING "FastQuery 0.8.2.5"
| #define PACKAGE_BUGREPORT "fastbit-users@hpcrdm.lbl.gov"
| #define PACKAGE_URL "http://sdm.lbl.gov/fastbit/"
| /* end confdefs.h.  */
| #include <stdio.h>
| #ifdef HAVE_SYS_TYPES_H
| # include <sys/types.h>
| #endif
| #ifdef HAVE_SYS_STAT_H
| # include <sys/stat.h>
| #endif
| #ifdef STDC_HEADERS
| # include <stdlib.h>
| # include <stddef.h>
| #else
| # ifdef HAVE_STDLIB_H
| #  include <stdlib.h>
| # endif
| #endif
| #ifdef HAVE_STRING_H
| # if !defined STDC_HEADERS && defined HAVE_MEMORY_H
| #  include <memory.h>
| # endif
| # include <string.h>
| #endif
| #ifdef HAVE_STRINGS_H
| # include <strings.h>
| #endif
| #ifdef HAVE_INTTYPES_H
| # include <inttypes.h>
| #endif
| #ifdef HAVE_STDINT_H
| # include <stdint.h>
| #endif
| #ifdef HAVE_UNISTD_H
| # include <unistd.h>
| #endif
| 
| #include <sys/types.h>
configure:7382: result: no
configure:7337: checking for sys/stat.h
configure:7358: cc -c O3  conftest.c >&5
gcc: error: O3: No such file or directory
configure:7365: $? = 1
configure: failed program was:
| /* confdefs.h.  */
| #define PACKAGE_NAME "FastQuery"
| #define PACKAGE_TARNAME "fastquery"
| #define PACKAGE_VERSION "0.8.2.5"
| #define PACKAGE_STRING "FastQuery 0.8.2.5"
| #define PACKAGE_BUGREPORT "fastbit-users@hpcrdm.lbl.gov"
| #define PACKAGE_URL "http://sdm.lbl.gov/fastbit/"
| /* end confdefs.h.  */
| #include <stdio.h>
| #ifdef HAVE_SYS_TYPES_H
| # include <sys/types.h>
| #endif
| #ifdef HAVE_SYS_STAT_H
| # include <sys/stat.h>
| #endif
| #ifdef STDC_HEADERS
| # include <stdlib.h>
| # include <stddef.h>
| #else
| # ifdef HAVE_STDLIB_H
| #  include <stdlib.h>
| # endif
| #endif
| #ifdef HAVE_STRING_H
| # if !defined STDC_HEADERS && defined HAVE_MEMORY_H
| #  include <memory.h>
| # endif
| # include <string.h>
| #endif
| #ifdef HAVE_STRINGS_H
| # include <strings.h>
| #endif
| #ifdef HAVE_INTTYPES_H
| # include <inttypes.h>
| #endif
| #ifdef HAVE_STDINT_H
| # include <stdint.h>
| #endif
| #ifdef HAVE_UNISTD_H
| # include <unistd.h>
| #endif
| 
| #include <sys/stat.h>
configure:7382: result: no
configure:7337: checking for stdlib.h
configure:7358: cc -c O3  conftest.c >&5
gcc: error: O3: No such file or directory
configure:7365: $? = 1
configure: failed program was:
| /* confdefs.h.  */
| #define PACKAGE_NAME "FastQuery"
| #define PACKAGE_TARNAME "fastquery"
| #define PACKAGE_VERSION "0.8.2.5"
| #define PACKAGE_STRING "FastQuery 0.8.2.5"
| #define PACKAGE_BUGREPORT "fastbit-users@hpcrdm.lbl.gov"
| #define PACKAGE_URL "http://sdm.lbl.gov/fastbit/"
| /* end confdefs.h.  */
| #include <stdio.h>
| #ifdef HAVE_SYS_TYPES_H
| # include <sys/types.h>
| #endif
| #ifdef HAVE_SYS_STAT_H
| # include <sys/stat.h>
| #endif
| #ifdef STDC_HEADERS
| # include <stdlib.h>
| # include <stddef.h>
| #else
| # ifdef HAVE_STDLIB_H
| #  include <stdlib.h>
| # endif
| #endif
| #ifdef HAVE_STRING_H
| # if !defined STDC_HEADERS && defined HAVE_MEMORY_H
| #  include <memory.h>
| # endif
| # include <string.h>
| #endif
| #ifdef HAVE_STRINGS_H
| # include <strings.h>
| #endif
| #ifdef HAVE_INTTYPES_H
| # include <inttypes.h>
| #endif
| #ifdef HAVE_STDINT_H
| # include <stdint.h>
| #endif
| #ifdef HAVE_UNISTD_H
| # include <unistd.h>
| #endif
| 
| #include <stdlib.h>
configure:7382: result: no
configure:7337: checking for string.h
configure:7358: cc -c O3  conftest.c >&5
gcc: error: O3: No such file or directory
configure:7365: $? = 1
configure: failed program was:
| /* confdefs.h.  */
| #define PACKAGE_NAME "FastQuery"
| #define PACKAGE_TARNAME "fastquery"
| #define PACKAGE_VERSION "0.8.2.5"
| #define PACKAGE_STRING "FastQuery 0.8.2.5"
| #define PACKAGE_BUGREPORT "fastbit-users@hpcrdm.lbl.gov"
| #define PACKAGE_URL "http://sdm.lbl.gov/fastbit/"
| /* end confdefs.h.  */
| #include <stdio.h>
| #ifdef HAVE_SYS_TYPES_H
| # include <sys/types.h>
| #endif
| #ifdef HAVE_SYS_STAT_H
| # include <sys/stat.h>
| #endif
| #ifdef STDC_HEADERS
| # include <stdlib.h>
| # include <stddef.h>
| #else
| # ifdef HAVE_STDLIB_H
| #  include <stdlib.h>
| # endif
| #endif
| #ifdef HAVE_STRING_H
| # if !defined STDC_HEADERS && defined HAVE_MEMORY_H
| #  include <memory.h>
| # endif
| # include <string.h>
| #endif
| #ifdef HAVE_STRINGS_H
| # include <strings.h>
| #endif
| #ifdef HAVE_INTTYPES_H
| # include <inttypes.h>
| #endif
| #ifdef HAVE_STDINT_H
| # include <stdint.h>
| #endif
| #ifdef HAVE_UNISTD_H
| # include <unistd.h>
| #endif
| 
| #include <string.h>
configure:7382: result: no
configure:7337: checking for memory.h
configure:7358: cc -c O3  conftest.c >&5
gcc: error: O3: No such file or directory
configure:7365: $? = 1
configure: failed program was:
| /* confdefs.h.  */
| #define PACKAGE_NAME "FastQuery"
| #define PACKAGE_TARNAME "fastquery"
| #define PACKAGE_VERSION "0.8.2.5"
| #define PACKAGE_STRING "FastQuery 0.8.2.5"
| #define PACKAGE_BUGREPORT "fastbit-users@hpcrdm.lbl.gov"
| #define PACKAGE_URL "http://sdm.lbl.gov/fastbit/"
| /* end confdefs.h.  */
| #include <stdio.h>
| #ifdef HAVE_SYS_TYPES_H
| # include <sys/types.h>
| #endif
| #ifdef HAVE_SYS_STAT_H
| # include <sys/stat.h>
| #endif
| #ifdef STDC_HEADERS
| # include <stdlib.h>
| # include <stddef.h>
| #else
| # ifdef HAVE_STDLIB_H
| #  include <stdlib.h>
| # endif
| #endif
| #ifdef HAVE_STRING_H
| # if !defined STDC_HEADERS && defined HAVE_MEMORY_H
| #  include <memory.h>
| # endif
| # include <string.h>
| #endif
| #ifdef HAVE_STRINGS_H
| # include <strings.h>
| #endif
| #ifdef HAVE_INTTYPES_H
| # include <inttypes.h>
| #endif
| #ifdef HAVE_STDINT_H
| # include <stdint.h>
| #endif
| #ifdef HAVE_UNISTD_H
| # include <unistd.h>
| #endif
| 
| #include <memory.h>
configure:7382: result: no
configure:7337: checking for strings.h
configure:7358: cc -c O3  conftest.c >&5
gcc: error: O3: No such file or directory
configure:7365: $? = 1
configure: failed program was:
| /* confdefs.h.  */
| #define PACKAGE_NAME "FastQuery"
| #define PACKAGE_TARNAME "fastquery"
| #define PACKAGE_VERSION "0.8.2.5"
| #define PACKAGE_STRING "FastQuery 0.8.2.5"
| #define PACKAGE_BUGREPORT "fastbit-users@hpcrdm.lbl.gov"
| #define PACKAGE_URL "http://sdm.lbl.gov/fastbit/"
| /* end confdefs.h.  */
| #include <stdio.h>
| #ifdef HAVE_SYS_TYPES_H
| # include <sys/types.h>
| #endif
| #ifdef HAVE_SYS_STAT_H
| # include <sys/stat.h>
| #endif
| #ifdef STDC_HEADERS
| # include <stdlib.h>
| # include <stddef.h>
| #else
| # ifdef HAVE_STDLIB_H
| #  include <stdlib.h>
| # endif
| #endif
| #ifdef HAVE_STRING_H
| # if !defined STDC_HEADERS && defined HAVE_MEMORY_H
| #  include <memory.h>
| # endif
| # include <string.h>
| #endif
| #ifdef HAVE_STRINGS_H
| # include <strings.h>
| #endif
| #ifdef HAVE_INTTYPES_H
| # include <inttypes.h>
| #endif
| #ifdef HAVE_STDINT_H
| # include <stdint.h>
| #endif
| #ifdef HAVE_UNISTD_H
| # include <unistd.h>
| #endif
| 
| #include <strings.h>
configure:7382: result: no
configure:7337: checking for inttypes.h
configure:7358: cc -c O3  conftest.c >&5
gcc: error: O3: No such file or directory
configure:7365: $? = 1
configure: failed program was:
| /* confdefs.h.  */
| #define PACKAGE_NAME "FastQuery"
| #define PACKAGE_TARNAME "fastquery"
| #define PACKAGE_VERSION "0.8.2.5"
| #define PACKAGE_STRING "FastQuery 0.8.2.5"
| #define PACKAGE_BUGREPORT "fastbit-users@hpcrdm.lbl.gov"
| #define PACKAGE_URL "http://sdm.lbl.gov/fastbit/"
| /* end confdefs.h.  */
| #include <stdio.h>
| #ifdef HAVE_SYS_TYPES_H
| # include <sys/types.h>
| #endif
| #ifdef HAVE_SYS_STAT_H
| # include <sys/stat.h>
| #endif
| #ifdef STDC_HEADERS
| # include <stdlib.h>
| # include <stddef.h>
| #else
| # ifdef HAVE_STDLIB_H
| #  include <stdlib.h>
| # endif
| #endif
| #ifdef HAVE_STRING_H
| # if !defined STDC_HEADERS && defined HAVE_MEMORY_H
| #  include <memory.h>
| # endif
| # include <string.h>
| #endif
| #ifdef HAVE_STRINGS_H
| # include <strings.h>
| #endif
| #ifdef HAVE_INTTYPES_H
| # include <inttypes.h>
| #endif
| #ifdef HAVE_STDINT_H
| # include <stdint.h>
| #endif
| #ifdef HAVE_UNISTD_H
| # include <unistd.h>
| #endif
| 
| #include <inttypes.h>
configure:7382: result: no
configure:7337: checking for stdint.h
configure:7358: cc -c O3  conftest.c >&5
gcc: error: O3: No such file or directory
configure:7365: $? = 1
configure: failed program was:
| /* confdefs.h.  */
| #define PACKAGE_NAME "FastQuery"
| #define PACKAGE_TARNAME "fastquery"
| #define PACKAGE_VERSION "0.8.2.5"
| #define PACKAGE_STRING "FastQuery 0.8.2.5"
| #define PACKAGE_BUGREPORT "fastbit-users@hpcrdm.lbl.gov"
| #define PACKAGE_URL "http://sdm.lbl.gov/fastbit/"
| /* end confdefs.h.  */
| #include <stdio.h>
| #ifdef HAVE_SYS_TYPES_H
| # include <sys/types.h>
| #endif
| #ifdef HAVE_SYS_STAT_H
| # include <sys/stat.h>
| #endif
| #ifdef STDC_HEADERS
| # include <stdlib.h>
| # include <stddef.h>
| #else
| # ifdef HAVE_STDLIB_H
| #  include <stdlib.h>
| # endif
| #endif
| #ifdef HAVE_STRING_H
| # if !defined STDC_HEADERS && defined HAVE_MEMORY_H
| #  include <memory.h>
| # endif
| # include <string.h>
| #endif
| #ifdef HAVE_STRINGS_H
| # include <strings.h>
| #endif
| #ifdef HAVE_INTTYPES_H
| # include <inttypes.h>
| #endif
| #ifdef HAVE_STDINT_H
| # include <stdint.h>
| #endif
| #ifdef HAVE_UNISTD_H
| # include <unistd.h>
| #endif
| 
| #include <stdint.h>
configure:7382: result: no
configure:7337: checking for unistd.h
configure:7358: cc -c O3  conftest.c >&5
gcc: error: O3: No such file or directory
configure:7365: $? = 1
configure: failed program was:
| /* confdefs.h.  */
| #define PACKAGE_NAME "FastQuery"
| #define PACKAGE_TARNAME "fastquery"
| #define PACKAGE_VERSION "0.8.2.5"
| #define PACKAGE_STRING "FastQuery 0.8.2.5"
| #define PACKAGE_BUGREPORT "fastbit-users@hpcrdm.lbl.gov"
| #define PACKAGE_URL "http://sdm.lbl.gov/fastbit/"
| /* end confdefs.h.  */
| #include <stdio.h>
| #ifdef HAVE_SYS_TYPES_H
| # include <sys/types.h>
| #endif
| #ifdef HAVE_SYS_STAT_H
| # include <sys/stat.h>
| #endif
| #ifdef STDC_HEADERS
| # include <stdlib.h>
| # include <stddef.h>
| #else
| # ifdef HAVE_STDLIB_H
| #  include <stdlib.h>
| # endif
| #endif
| #ifdef HAVE_STRING_H
| # if !defined STDC_HEADERS && defined HAVE_MEMORY_H
| #  include <memory.h>
| # endif
| # include <string.h>
| #endif
| #ifdef HAVE_STRINGS_H
| # include <strings.h>
| #endif
| #ifdef HAVE_INTTYPES_H
| # include <inttypes.h>
| #endif
| #ifdef HAVE_STDINT_H
| # include <stdint.h>
| #endif
| #ifdef HAVE_UNISTD_H
| # include <unistd.h>
| #endif
| 
| #include <unistd.h>
configure:7382: result: no
configure:7400: checking for dlfcn.h
configure:7421: cc -c O3  conftest.c >&5
gcc: error: O3: No such file or directory
configure:7428: $? = 1
configure: failed program was:
| /* confdefs.h.  */
| #define PACKAGE_NAME "FastQuery"
| #define PACKAGE_TARNAME "fastquery"
| #define PACKAGE_VERSION "0.8.2.5"
| #define PACKAGE_STRING "FastQuery 0.8.2.5"
| #define PACKAGE_BUGREPORT "fastbit-users@hpcrdm.lbl.gov"
| #define PACKAGE_URL "http://sdm.lbl.gov/fastbit/"
| /* end confdefs.h.  */
| #include <stdio.h>
| #ifdef HAVE_SYS_TYPES_H
| # include <sys/types.h>
| #endif
| #ifdef HAVE_SYS_STAT_H
| # include <sys/stat.h>
| #endif
| #ifdef STDC_HEADERS
| # include <stdlib.h>
| # include <stddef.h>
| #else
| # ifdef HAVE_STDLIB_H
| #  include <stdlib.h>
| # endif
| #endif
| #ifdef HAVE_STRING_H
| # if !defined STDC_HEADERS && defined HAVE_MEMORY_H
| #  include <memory.h>
| # endif
| # include <string.h>
| #endif
| #ifdef HAVE_STRINGS_H
| # include <strings.h>
| #endif
| #ifdef HAVE_INTTYPES_H
| # include <inttypes.h>
| #endif
| #ifdef HAVE_STDINT_H
| # include <stdint.h>
| #endif
| #ifdef HAVE_UNISTD_H
| # include <unistd.h>
| #endif
| 
| #include <dlfcn.h>
configure:7445: result: no
configure:7572: checking for C++ compiler version
configure:7580: CC --version >&5
/usr/common/usg/darshan/2.2.5-pre3-cle4/../xt-asyncpe/5.16/bin/CC: INFO: Compiling with CRAYPE_COMPILE_TARGET=native.
g++ (GCC) 4.7.2 20120920 (Cray Inc.)
Copyright (C) 2012 Free Software Foundation, Inc.
This is free software; see the source for copying conditions.  There is NO
warranty; not even for MERCHANTABILITY or FITNESS FOR A PARTICULAR PURPOSE.

configure:7584: $? = 0
configure:7591: CC -v >&5
/usr/common/usg/darshan/2.2.5-pre3-cle4/../xt-asyncpe/5.16/bin/CC: INFO: Compiling with CRAYPE_COMPILE_TARGET=native.
Using built-in specs.
COLLECT_GCC=/opt/gcc/4.7.2/bin/../snos/bin/g++
COLLECT_LTO_WRAPPER=/opt/gcc/4.7.2/snos/libexec/gcc/x86_64-suse-linux/4.7.2/lto-wrapper
Target: x86_64-suse-linux
Configured with: ../xt-gcc-4.7.2/configure --prefix=/opt/gcc/4.7.2/snos --disable-nls --libdir=/opt/gcc/4.7.2/snos/lib --enable-languages=c,c++,fortran --with-gxx-include-dir=/opt/gcc/4.7.2/snos/include/g++ --with-slibdir=/opt/gcc/4.7.2/snos/lib --with-system-zlib --enable-shared --enable-__cxa_atexit x86_64-suse-linux --with-mpc=/opt/gcc/mpc/0.8.1 --with-mpfr=/opt/gcc/mpfr/2.4.2 --with-gmp=/opt/gcc/gmp/4.3.2 --with-sysroot=
Thread model: posix
gcc version 4.7.2 20120920 (Cray Inc.) (GCC) 
configure:7595: $? = 0
configure:7602: CC -V >&5
/usr/common/usg/darshan/2.2.5-pre3-cle4/../xt-asyncpe/5.16/bin/CC: INFO: Compiling with CRAYPE_COMPILE_TARGET=native.
g++: error: unrecognized command line option '-V'
g++: fatal error: no input files
compilation terminated.
configure:7606: $? = 1
configure:7609: checking whether we are using the GNU C++ compiler
configure:7662: result: yes
configure:7671: checking whether CC accepts -g
configure:7809: result: yes
configure:7834: checking dependency style of CC
configure:7925: result: gcc3
configure:7948: checking how to run the C++ preprocessor
configure:7984: CC -E  conftest.cpp
configure:7991: $? = 0
configure:8022: CC -E  conftest.cpp
conftest.cpp:9:28: fatal error: ac_nonexistent.h: No such file or directory
compilation terminated.
configure:8029: $? = 1
configure: failed program was:
| /* confdefs.h.  */
| #define PACKAGE_NAME "FastQuery"
| #define PACKAGE_TARNAME "fastquery"
| #define PACKAGE_VERSION "0.8.2.5"
| #define PACKAGE_STRING "FastQuery 0.8.2.5"
| #define PACKAGE_BUGREPORT "fastbit-users@hpcrdm.lbl.gov"
| #define PACKAGE_URL "http://sdm.lbl.gov/fastbit/"
| /* end confdefs.h.  */
| #include <ac_nonexistent.h>
configure:8062: result: CC -E
configure:8091: CC -E  conftest.cpp
configure:8098: $? = 0
configure:8129: CC -E  conftest.cpp
conftest.cpp:9:28: fatal error: ac_nonexistent.h: No such file or directory
compilation terminated.
configure:8136: $? = 1
configure: failed program was:
| /* confdefs.h.  */
| #define PACKAGE_NAME "FastQuery"
| #define PACKAGE_TARNAME "fastquery"
| #define PACKAGE_VERSION "0.8.2.5"
| #define PACKAGE_STRING "FastQuery 0.8.2.5"
| #define PACKAGE_BUGREPORT "fastbit-users@hpcrdm.lbl.gov"
| #define PACKAGE_URL "http://sdm.lbl.gov/fastbit/"
| /* end confdefs.h.  */
| #include <ac_nonexistent.h>
configure:8350: checking for objdir
configure:8365: result: .libs
configure:8712: checking for cc option to produce PIC
configure:8984: result:  -DPIC
configure:8996: checking if cc PIC flag  -DPIC works
configure:9014: cc -c O3   -DPIC -DPIC conftest.c >&5
gcc: error: O3: No such file or directory
configure:9018: $? = 1
configure:9031: result: no
configure:9055: checking if cc static flag  works
configure:9083: result: no
configure:9098: checking if cc supports -c -o file.o
configure:9119: cc -c O3  -o out/conftest2.o conftest.c >&5
gcc: error: O3: No such file or directory
configure:9123: $? = 1
configure:9145: result: no
configure:9153: checking if cc supports -c -o file.o
configure:9200: result: no
configure:9209: checking if we can lock with hard links
configure:9217: result: yes
configure:9233: checking whether the cc linker (/usr/bin/X11/ld -m elf_x86_64) supports shared libraries
configure:10307: result: yes
configure:10546: checking dynamic linker characteristics
configure:10989: cc -o conftest O3   -rpath /foo conftest.c  >&5
gcc: error: O3: No such file or directory
gcc: error: unrecognized command line option '-rpath'
gcc: error: /foo: No such file or directory
configure:10996: $? = 1
configure: failed program was:
| /* confdefs.h.  */
| #define PACKAGE_NAME "FastQuery"
| #define PACKAGE_TARNAME "fastquery"
| #define PACKAGE_VERSION "0.8.2.5"
| #define PACKAGE_STRING "FastQuery 0.8.2.5"
| #define PACKAGE_BUGREPORT "fastbit-users@hpcrdm.lbl.gov"
| #define PACKAGE_URL "http://sdm.lbl.gov/fastbit/"
| #define LT_OBJDIR ".libs/"
| /* end confdefs.h.  */
| 
| int
| main ()
| {
| 
|   ;
|   return 0;
| }
configure:11229: result: GNU/Linux ld.so
configure:11331: checking how to hardcode library paths into programs
configure:11356: result: immediate
configure:12189: checking whether stripping libraries is possible
configure:12194: result: yes
configure:12229: checking if libtool supports shared libraries
configure:12231: result: yes
configure:12234: checking whether to build shared libraries
configure:12255: result: no
configure:12258: checking whether to build static libraries
configure:12262: result: yes
configure:12412: checking for ld used by CC
configure:12479: result: /usr/bin/X11/ld -m elf_x86_64
configure:12488: checking if the linker (/usr/bin/X11/ld -m elf_x86_64) is GNU ld
configure:12503: result: yes
configure:12558: checking whether the CC linker (/usr/bin/X11/ld -m elf_x86_64) supports shared libraries
configure:13533: result: yes
configure:13561: CC -c -g -O2  conftest.cpp >&5
configure:13564: $? = 0
configure:13746: checking for CC option to produce PIC
configure:14063: result: -fPIC -DPIC
configure:14072: checking if CC PIC flag -fPIC -DPIC works
configure:14090: CC -c -g -O2  -fPIC -DPIC -DPIC conftest.cpp >&5
configure:14094: $? = 0
configure:14107: result: yes
configure:14128: checking if CC static flag -static works
configure:14156: result: yes
configure:14168: checking if CC supports -c -o file.o
configure:14189: CC -c -g -O2  -o out/conftest2.o conftest.cpp >&5
configure:14193: $? = 0
configure:14215: result: yes
configure:14220: checking if CC supports -c -o file.o
configure:14267: result: yes
configure:14297: checking whether the CC linker (/usr/bin/X11/ld -m elf_x86_64) supports shared libraries
configure:14323: result: yes
configure:14460: checking dynamic linker characteristics
configure:14851: CC -o conftest -g -O2   -Wl,-rpath -Wl,/foo conftest.cpp  >&5
configure:14858: $? = 0
configure:15091: result: GNU/Linux ld.so
configure:15142: checking how to hardcode library paths into programs
configure:15167: result: immediate
configure:15230: checking for log in -lm
configure:15265: CC -o conftest -g -O2   conftest.cpp -lm   >&5
configure:15272: $? = 0
configure:15293: result: yes
configure:15309: checking for ANSI C header files
configure:15477: result: no
configure:15495: checking for inttypes.h
configure:15502: result: no
configure:15495: checking for stdint.h
configure:15502: result: no
configure:15495: checking for stdlib.h
configure:15502: result: no
configure:15495: checking for unistd.h
configure:15502: result: no
configure:15643: checking for stdbool.h that conforms to C99
configure:15738: CC -c -g -O2  conftest.cpp >&5
configure:15745: $? = 0
configure:15760: result: yes
configure:15762: checking for _Bool
configure:15790: CC -c -g -O2  conftest.cpp >&5
conftest.cpp: In function 'int main()':
conftest.cpp:47:13: error: '_Bool' was not declared in this scope
configure:15797: $? = 1
configure: failed program was:
| /* confdefs.h.  */
| #define PACKAGE_NAME "FastQuery"
| #define PACKAGE_TARNAME "fastquery"
| #define PACKAGE_VERSION "0.8.2.5"
| #define PACKAGE_STRING "FastQuery 0.8.2.5"
| #define PACKAGE_BUGREPORT "fastbit-users@hpcrdm.lbl.gov"
| #define PACKAGE_URL "http://sdm.lbl.gov/fastbit/"
| #define LT_OBJDIR ".libs/"
| #define HAVE_LIBM 1
| /* end confdefs.h.  */
| #include <stdio.h>
| #ifdef HAVE_SYS_TYPES_H
| # include <sys/types.h>
| #endif
| #ifdef HAVE_SYS_STAT_H
| # include <sys/stat.h>
| #endif
| #ifdef STDC_HEADERS
| # include <stdlib.h>
| # include <stddef.h>
| #else
| # ifdef HAVE_STDLIB_H
| #  include <stdlib.h>
| # endif
| #endif
| #ifdef HAVE_STRING_H
| # if !defined STDC_HEADERS && defined HAVE_MEMORY_H
| #  include <memory.h>
| # endif
| # include <string.h>
| #endif
| #ifdef HAVE_STRINGS_H
| # include <strings.h>
| #endif
| #ifdef HAVE_INTTYPES_H
| # include <inttypes.h>
| #endif
| #ifdef HAVE_STDINT_H
| # include <stdint.h>
| #endif
| #ifdef HAVE_UNISTD_H
| # include <unistd.h>
| #endif
| int
| main ()
| {
| if (sizeof (_Bool))
|        return 0;
|   ;
|   return 0;
| }
configure:15854: result: no
configure:15876: checking for ptrdiff_t
configure:15904: CC -c -g -O2  conftest.cpp >&5
conftest.cpp: In function 'int main()':
conftest.cpp:48:13: error: 'ptrdiff_t' was not declared in this scope
configure:15911: $? = 1
configure: failed program was:
| /* confdefs.h.  */
| #define PACKAGE_NAME "FastQuery"
| #define PACKAGE_TARNAME "fastquery"
| #define PACKAGE_VERSION "0.8.2.5"
| #define PACKAGE_STRING "FastQuery 0.8.2.5"
| #define PACKAGE_BUGREPORT "fastbit-users@hpcrdm.lbl.gov"
| #define PACKAGE_URL "http://sdm.lbl.gov/fastbit/"
| #define LT_OBJDIR ".libs/"
| #define HAVE_LIBM 1
| #define HAVE_STDBOOL_H 1
| /* end confdefs.h.  */
| #include <stdio.h>
| #ifdef HAVE_SYS_TYPES_H
| # include <sys/types.h>
| #endif
| #ifdef HAVE_SYS_STAT_H
| # include <sys/stat.h>
| #endif
| #ifdef STDC_HEADERS
| # include <stdlib.h>
| # include <stddef.h>
| #else
| # ifdef HAVE_STDLIB_H
| #  include <stdlib.h>
| # endif
| #endif
| #ifdef HAVE_STRING_H
| # if !defined STDC_HEADERS && defined HAVE_MEMORY_H
| #  include <memory.h>
| # endif
| # include <string.h>
| #endif
| #ifdef HAVE_STRINGS_H
| # include <strings.h>
| #endif
| #ifdef HAVE_INTTYPES_H
| # include <inttypes.h>
| #endif
| #ifdef HAVE_STDINT_H
| # include <stdint.h>
| #endif
| #ifdef HAVE_UNISTD_H
| # include <unistd.h>
| #endif
| int
| main ()
| {
| if (sizeof (ptrdiff_t))
|        return 0;
|   ;
|   return 0;
| }
configure:15968: result: no
configure:15981: checking for error_at_line
configure:16007: CC -o conftest -g -O2   conftest.cpp -lm  >&5
configure:16014: $? = 0
configure:16034: result: yes
configure:16056: checking whether to enable debugging
configure:16065: result: no
configure:16067: checking whether to enable extra optimization
configure:16076: result: no
configure:16236: checking for FastBit
configure:16266: CC -o conftest  -DHAVE_CONFIG_H -I/project/projectdirs/m1248/hopper/gnu/fastbit/include  -DHAVE_CONFIG_H -I/project/projectdirs/m1248/hopper/gnu/fastbit/include  conftest.cpp -lm  -L/project/projectdirs/m1248/hopper/gnu/fastbit/lib -lfastbit -lrt -lm >&5
configure:16273: $? = 0
configure:16281: result: yes
configure:16850: checking for HDF5
configure:16891: CC -o conftest  -DHAVE_CONFIG_H -I/project/projectdirs/m1248/hopper/gnu/fastbit/include -D_NOMPI -DFQ_NOMPI -I/project/projectdirs/vacet/hdf5/bin/hdf5-1.8.8-para-thread/include  -DHAVE_CONFIG_H -I/project/projectdirs/m1248/hopper/gnu/fastbit/include -D_NOMPI -DFQ_NOMPI -I/project/projectdirs/vacet/hdf5/bin/hdf5-1.8.8-para-thread/include  conftest.cpp -lm  -L/project/projectdirs/m1248/hopper/gnu/fastbit/lib -lfastbit -lrt -lm -L/project/projectdirs/vacet/hdf5/bin/hdf5-1.8.8-para-thread/lib -lhdf5 -lhdf5_hl -lz >&5
configure:16898: $? = 0
configure:16906: result: yes
configure:17613: creating ./config.status

## ---------------- ##
## Cache variables. ##
## ---------------- ##

ac_cv_build=x86_64-suse-linux-gnu
ac_cv_c_compiler_gnu=no
ac_cv_cxx_compiler_gnu=yes
ac_cv_env_CCC_set=
ac_cv_env_CCC_value=
ac_cv_env_CC_set=set
ac_cv_env_CC_value=cc
ac_cv_env_CFLAGS_set=set
ac_cv_env_CFLAGS_value=O3
ac_cv_env_CPPFLAGS_set=
ac_cv_env_CPPFLAGS_value=
ac_cv_env_CPP_set=
ac_cv_env_CPP_value=
ac_cv_env_CXXCPP_set=
ac_cv_env_CXXCPP_value=
ac_cv_env_CXXFLAGS_set=
ac_cv_env_CXXFLAGS_value=
ac_cv_env_CXX_set=set
ac_cv_env_CXX_value=CC
ac_cv_env_LDFLAGS_set=
ac_cv_env_LDFLAGS_value=
ac_cv_env_LIBS_set=
ac_cv_env_LIBS_value=
ac_cv_env_build_alias_set=
ac_cv_env_build_alias_value=
ac_cv_env_host_alias_set=
ac_cv_env_host_alias_value=
ac_cv_env_target_alias_set=
ac_cv_env_target_alias_value=
ac_cv_header_dlfcn_h=no
ac_cv_header_inttypes_h=no
ac_cv_header_memory_h=no
ac_cv_header_stdbool_h=yes
ac_cv_header_stdc=no
ac_cv_header_stdint_h=no
ac_cv_header_stdlib_h=no
ac_cv_header_string_h=no
ac_cv_header_strings_h=no
ac_cv_header_sys_stat_h=no
ac_cv_header_sys_types_h=no
ac_cv_header_unistd_h=no
ac_cv_host=x86_64-suse-linux-gnu
ac_cv_lib_error_at_line=yes
ac_cv_lib_m_log=yes
ac_cv_objext=o
ac_cv_path_EGREP='/usr/bin/grep -E'
ac_cv_path_FGREP='/usr/bin/grep -F'
ac_cv_path_GREP=/usr/bin/grep
ac_cv_path_SED=/usr/bin/sed
ac_cv_path_install='/usr/bin/install -c'
ac_cv_path_mkdir=/bin/mkdir
ac_cv_prog_AWK=gawk
ac_cv_prog_CPP='cc -E'
ac_cv_prog_CXXCPP='CC -E'
ac_cv_prog_ac_ct_AR=ar
ac_cv_prog_ac_ct_CC=cc
ac_cv_prog_ac_ct_OBJDUMP=objdump
ac_cv_prog_ac_ct_RANLIB=ranlib
ac_cv_prog_ac_ct_STRIP=strip
ac_cv_prog_cc_c89=no
ac_cv_prog_cc_g=yes
ac_cv_prog_cxx_g=yes
ac_cv_prog_make_make_set=yes
ac_cv_type__Bool=no
ac_cv_type_ptrdiff_t=no
am_cv_CC_dependencies_compiler_type=gcc3
am_cv_CXX_dependencies_compiler_type=gcc3
lt_cv_deplibs_check_method=pass_all
lt_cv_file_magic_cmd='$MAGIC_CMD'
lt_cv_file_magic_test_file=
lt_cv_ld_reload_flag=-r
lt_cv_nm_interface='BSD nm'
lt_cv_objdir=.libs
lt_cv_path_LD=/usr/bin/X11/ld
lt_cv_path_LDCXX='/usr/bin/X11/ld -m elf_x86_64'
lt_cv_path_NM='/usr/bin/nm -B'
lt_cv_prog_compiler_c_o=no
lt_cv_prog_compiler_c_o_CXX=yes
lt_cv_prog_compiler_pic_works=no
lt_cv_prog_compiler_pic_works_CXX=yes
lt_cv_prog_compiler_static_works=no
lt_cv_prog_compiler_static_works_CXX=yes
lt_cv_prog_gnu_ld=yes
lt_cv_prog_gnu_ldcxx=yes
lt_cv_sys_global_symbol_pipe='sed -n -e '\''s/^.*[	 ]\([ABCDGIRSTW][ABCDGIRSTW]*\)[	 ][	 ]*\([_A-Za-z][_A-Za-z0-9]*\)$/\1 \2 \2/p'\'''
lt_cv_sys_global_symbol_to_c_name_address='sed -n -e '\''s/^: \([^ ]*\) $/  {\"\1\", (void *) 0},/p'\'' -e '\''s/^[ABCDGIRSTW]* \([^ ]*\) \([^ ]*\)$/  {"\2", (void *) \&\2},/p'\'''
lt_cv_sys_global_symbol_to_c_name_address_lib_prefix='sed -n -e '\''s/^: \([^ ]*\) $/  {\"\1\", (void *) 0},/p'\'' -e '\''s/^[ABCDGIRSTW]* \([^ ]*\) \(lib[^ ]*\)$/  {"\2", (void *) \&\2},/p'\'' -e '\''s/^[ABCDGIRSTW]* \([^ ]*\) \([^ ]*\)$/  {"lib\2", (void *) \&\2},/p'\'''
lt_cv_sys_global_symbol_to_cdecl='sed -n -e '\''s/^T .* \(.*\)$/extern int \1();/p'\'' -e '\''s/^[ABCDGIRSTW]* .* \(.*\)$/extern char \1;/p'\'''
lt_cv_sys_max_cmd_len=1572864

## ----------------- ##
## Output variables. ##
## ----------------- ##

ACLOCAL='${SHELL} /global/homes/j/jchou/work/fq/missing --run aclocal-1.10'
AMDEPBACKSLASH='\'
AMDEP_FALSE='#'
AMDEP_TRUE=''
AMTAR='${SHELL} /global/homes/j/jchou/work/fq/missing --run tar'
AM_CPPFLAGS=''
AR='ar'
AUTOCONF='${SHELL} /global/homes/j/jchou/work/fq/missing --run autoconf'
AUTOHEADER='${SHELL} /global/homes/j/jchou/work/fq/missing --run autoheader'
AUTOMAKE='${SHELL} /global/homes/j/jchou/work/fq/missing --run automake-1.10'
AWK='gawk'
BUILD_BP=''
BUILD_BP_FALSE=''
BUILD_BP_TRUE='#'
BUILD_HDF5=''
BUILD_HDF5_FALSE='#'
BUILD_HDF5_TRUE=''
BUILD_NETCDF=''
BUILD_NETCDF_FALSE=''
BUILD_NETCDF_TRUE='#'
BUILD_PNETCDF=''
BUILD_PNETCDF_FALSE=''
BUILD_PNETCDF_TRUE='#'
CC='cc'
CCDEPMODE='depmode=gcc3'
CFLAGS='O3 -DHAVE_CONFIG_H -I/project/projectdirs/m1248/hopper/gnu/fastbit/include -D_NOMPI -DFQ_NOMPI -I/project/projectdirs/vacet/hdf5/bin/hdf5-1.8.8-para-thread/include'
CPP='cc -E'
CPPFLAGS=' -DHAVE_CONFIG_H -I/project/projectdirs/m1248/hopper/gnu/fastbit/include -D_NOMPI -DFQ_NOMPI -I/project/projectdirs/vacet/hdf5/bin/hdf5-1.8.8-para-thread/include'
CXX='CC'
CXXCPP='CC -E'
CXXCPPFLAGS=' -DHAVE_CONFIG_H -I/project/projectdirs/m1248/hopper/gnu/fastbit/include -I/project/projectdirs/vacet/hdf5/bin/hdf5-1.8.8-para-thread/include'
CXXDEPMODE='depmode=gcc3'
CXXFLAGS=' -DHAVE_CONFIG_H -I/project/projectdirs/m1248/hopper/gnu/fastbit/include -D_NOMPI -DFQ_NOMPI -I/project/projectdirs/vacet/hdf5/bin/hdf5-1.8.8-para-thread/include'
CYGPATH_W='echo'
DEFS='-DHAVE_CONFIG_H'
DEPDIR='.deps'
DSYMUTIL=''
DUMPBIN=''
ECHO_C=''
ECHO_N='-n'
ECHO_T=''
EGREP='/usr/bin/grep -E'
EXEEXT=''
FGREP='/usr/bin/grep -F'
GREP='/usr/bin/grep'
INSTALL_DATA='${INSTALL} -m 644'
INSTALL_PROGRAM='${INSTALL}'
INSTALL_SCRIPT='${INSTALL}'
INSTALL_STRIP_PROGRAM='$(install_sh) -c -s'
LD='/usr/bin/X11/ld -m elf_x86_64'
LDFLAGS=''
LIBOBJS=''
LIBS='-lm  -L/project/projectdirs/m1248/hopper/gnu/fastbit/lib -lfastbit -lrt -lm -L/project/projectdirs/vacet/hdf5/bin/hdf5-1.8.8-para-thread/lib -lhdf5 -lhdf5_hl -lz'
LIBTOOL='$(SHELL) $(top_builddir)/libtool'
LIBTOOL_DEPS='./ltmain.sh'
LIB_VERSION_INFO=''
LIPO=''
LN_S='ln -s'
LTLIBOBJS=''
MAKEINFO='${SHELL} /global/homes/j/jchou/work/fq/missing --run makeinfo'
MKDIR_P='/bin/mkdir -p'
NM='/usr/bin/nm -B'
NMEDIT=''
OBJDIR='.libs'
OBJDUMP='objdump'
OBJEXT='o'
OTOOL64=''
OTOOL=''
PACKAGE='fastquery'
PACKAGE_BUGREPORT='fastbit-users@hpcrdm.lbl.gov'
PACKAGE_NAME='FastQuery'
PACKAGE_STRING='FastQuery 0.8.2.5'
PACKAGE_TARNAME='fastquery'
PACKAGE_VERSION='0.8.2.5'
PATH_SEPARATOR=':'
RANLIB='ranlib'
SED='/usr/bin/sed'
SET_MAKE=''
SHELL='/bin/sh'
STRIP='strip'
VERSION='0.8.2.5'
_NOMPI_ONLY=''
_NOMPI_ONLY_FALSE='#'
_NOMPI_ONLY_TRUE=''
ac_ct_CC='cc'
ac_ct_CXX=''
ac_ct_DUMPBIN=''
am__fastdepCC_FALSE='#'
am__fastdepCC_TRUE=''
am__fastdepCXX_FALSE='#'
am__fastdepCXX_TRUE=''
am__include='include'
am__isrc=''
am__leading_dot='.'
am__quote=''
am__tar='${AMTAR} chof - "$$tardir"'
am__untar='${AMTAR} xf -'
bindir='${exec_prefix}/bin'
build='x86_64-suse-linux-gnu'
build_alias=''
build_cpu='x86_64'
build_os='linux-gnu'
build_vendor='suse'
datadir='${datarootdir}'
datarootdir='${prefix}/share'
docdir='${datarootdir}/doc/${PACKAGE_TARNAME}'
dvidir='${docdir}'
exec_prefix='${prefix}'
host='x86_64-suse-linux-gnu'
host_alias=''
host_cpu='x86_64'
host_os='linux-gnu'
host_vendor='suse'
htmldir='${docdir}'
includedir='${prefix}/include'
infodir='${datarootdir}/info'
install_sh='$(SHELL) /global/homes/j/jchou/work/fq/install-sh'
libdir='${exec_prefix}/lib'
libexecdir='${exec_prefix}/libexec'
localedir='${datarootdir}/locale'
localstatedir='${prefix}/var'
lt_ECHO='echo'
mandir='${datarootdir}/man'
mkdir_p='/bin/mkdir -p'
oldincludedir='/usr/include'
pdfdir='${docdir}'
prefix='/usr/local'
program_transform_name='s,x,x,'
psdir='${docdir}'
sbindir='${exec_prefix}/sbin'
sharedstatedir='${prefix}/com'
sysconfdir='${prefix}/etc'
target_alias=''

## ----------- ##
## confdefs.h. ##
## ----------- ##

#define PACKAGE_NAME "FastQuery"
#define PACKAGE_TARNAME "fastquery"
#define PACKAGE_VERSION "0.8.2.5"
#define PACKAGE_STRING "FastQuery 0.8.2.5"
#define PACKAGE_BUGREPORT "fastbit-users@hpcrdm.lbl.gov"
#define PACKAGE_URL "http://sdm.lbl.gov/fastbit/"
#define LT_OBJDIR ".libs/"
#define HAVE_LIBM 1
#define HAVE_STDBOOL_H 1
#define FQ_HAVE_HDF5 1

configure: exit 0

## ---------------------- ##
## Running config.status. ##
## ---------------------- ##

This file was extended by FastQuery config.status 0.8.2.5, which was
generated by GNU Autoconf 2.63.  Invocation command line was

  CONFIG_FILES    = 
  CONFIG_HEADERS  = 
  CONFIG_LINKS    = 
  CONFIG_COMMANDS = 
  $ ./config.status 

on hopper03

config.status:1060: creating Makefile
config.status:1060: creating src/Makefile
config.status:1060: creating examples/Makefile
config.status:1060: creating src/fastquery-config.h
config.status:1334: executing depfiles commands
config.status:1334: executing libtool commands

## ---------------------- ##
## Running config.status. ##
## ---------------------- ##

This file was extended by FastQuery config.status 0.8.2.5, which was
generated by GNU Autoconf 2.63.  Invocation command line was

  CONFIG_FILES    = 
  CONFIG_HEADERS  = 
  CONFIG_LINKS    = 
  CONFIG_COMMANDS = 
  $ ./config.status src/fastquery-config.h

on hopper03

config.status:1060: creating src/fastquery-config.h
config.status:1282: src/fastquery-config.h is unchanged
